This is pdfTeX, Version 3.14159265-2.6-1.40.19 (TeX Live 2018) (preloaded format=pdflatex)
 restricted \write18 enabled.
entering extended mode
(./PBaikova-Paper.tex
LaTeX2e <2017-04-15>
Babel <3.17> and hyphenation patterns for 3 language(s) loaded.
(/usr/share/texlive/texmf-dist/tex/latex/base/article.cls
Document Class: article 2014/09/29 v1.4h Standard LaTeX document class
(/usr/share/texlive/texmf-dist/tex/latex/base/size11.clo))
(/usr/share/texlive/texmf-dist/tex/latex/psnfss/palatino.sty)
(/usr/share/texlive/texmf-dist/tex/latex/setspace/setspace.sty)
(/usr/share/texlive/texmf-dist/tex/latex/geometry/geometry.sty
(/usr/share/texlive/texmf-dist/tex/latex/graphics/keyval.sty)
(/usr/share/texlive/texmf-dist/tex/generic/oberdiek/ifpdf.sty)
(/usr/share/texlive/texmf-dist/tex/generic/oberdiek/ifvtex.sty)
(/usr/share/texlive/texmf-dist/tex/generic/ifxetex/ifxetex.sty))
(/usr/share/texlive/texmf-dist/tex/latex/fancyhdr/fancyhdr.sty)
(/usr/share/texlive/texmf-dist/tex/latex/amsmath/amsmath.sty
For additional information on amsmath, use the `?' option.
(/usr/share/texlive/texmf-dist/tex/latex/amsmath/amstext.sty
(/usr/share/texlive/texmf-dist/tex/latex/amsmath/amsgen.sty))
(/usr/share/texlive/texmf-dist/tex/latex/amsmath/amsbsy.sty)
(/usr/share/texlive/texmf-dist/tex/latex/amsmath/amsopn.sty))
(/usr/share/texlive/texmf-dist/tex/latex/amsfonts/amssymb.sty
(/usr/share/texlive/texmf-dist/tex/latex/amsfonts/amsfonts.sty))
(/usr/share/texlive/texmf-dist/tex/latex/graphics/graphicx.sty
(/usr/share/texlive/texmf-dist/tex/latex/graphics/graphics.sty
(/usr/share/texlive/texmf-dist/tex/latex/graphics/trig.sty)
(/usr/share/texlive/texmf-dist/tex/latex/graphics-cfg/graphics.cfg)
(/usr/share/texlive/texmf-dist/tex/latex/graphics-def/pdftex.def)))
(/usr/share/texlive/texmf-dist/tex/latex/float/float.sty)
(/usr/share/texlive/texmf-dist/tex/latex/natbib/natbib.sty)
(/usr/share/texlive/texmf-dist/tex/latex/caption/caption.sty
(/usr/share/texlive/texmf-dist/tex/latex/caption/caption3.sty))
(/usr/share/texlive/texmf-dist/tex/latex/pdfpages/pdfpages.sty
(/usr/share/texlive/texmf-dist/tex/latex/base/ifthen.sty)
(/usr/share/texlive/texmf-dist/tex/latex/tools/calc.sty)
(/usr/share/texlive/texmf-dist/tex/latex/eso-pic/eso-pic.sty
(/usr/share/texlive/texmf-dist/tex/generic/oberdiek/atbegshi.sty
(/usr/share/texlive/texmf-dist/tex/generic/oberdiek/infwarerr.sty)
(/usr/share/texlive/texmf-dist/tex/generic/oberdiek/ltxcmds.sty))
(/usr/share/texlive/texmf-dist/tex/latex/xcolor/xcolor.sty
(/usr/share/texlive/texmf-dist/tex/latex/graphics-cfg/color.cfg)))
(/usr/share/texlive/texmf-dist/tex/latex/pdfpages/pppdftex.def))
(/usr/share/texlive/texmf-dist/tex/latex/booktabs/booktabs.sty)
(/usr/share/texlive/texmf-dist/tex/latex/url/url.sty) (./PBaikova-Paper.aux)
(/usr/share/texlive/texmf-dist/tex/latex/psnfss/ot1ppl.fd)
*geometry* driver: auto-detecting
*geometry* detected driver: pdftex
(/usr/share/texlive/texmf-dist/tex/context/base/mkii/supp-pdf.mkii
[Loading MPS to PDF converter (version 2006.09.02).]
) (/usr/share/texlive/texmf-dist/tex/latex/oberdiek/epstopdf-base.sty
(/usr/share/texlive/texmf-dist/tex/latex/oberdiek/grfext.sty
(/usr/share/texlive/texmf-dist/tex/generic/oberdiek/kvdefinekeys.sty))
(/usr/share/texlive/texmf-dist/tex/latex/oberdiek/kvoptions.sty
(/usr/share/texlive/texmf-dist/tex/generic/oberdiek/kvsetkeys.sty
(/usr/share/texlive/texmf-dist/tex/generic/oberdiek/etexcmds.sty
(/usr/share/texlive/texmf-dist/tex/generic/oberdiek/ifluatex.sty))))
(/usr/share/texlive/texmf-dist/tex/generic/oberdiek/pdftexcmds.sty)
(/usr/share/texlive/texmf-dist/tex/latex/latexconfig/epstopdf-sys.cfg))
(/usr/share/texlive/texmf-dist/tex/latex/oberdiek/pdflscape.sty
(/usr/share/texlive/texmf-dist/tex/latex/graphics/lscape.sty)) [1{/usr/share/te
xlive/texmf-dist/fonts/map/pdftex/updmap/pdftex.map}]
(./Papers/Introduction.tex

Package natbib Warning: Citation `bebr:2023' on page 1 undefined on input line 
3.


Package natbib Warning: Citation `rosen:1974' on page 1 undefined on input line
 7.

) (./Papers/Institutional-Details.tex
(/usr/share/texlive/texmf-dist/tex/latex/amsfonts/umsa.fd)
(/usr/share/texlive/texmf-dist/tex/latex/amsfonts/umsb.fd)

Package natbib Warning: Citation `orra:2024' on page 1 undefined on input line 
4.


Package natbib Warning: Citation `bls:2024' on page 1 undefined on input line 4
.


Overfull \hbox (2.62956pt too wide) in paragraph at lines 4--6
\OT1/ppl/m/n/10.95 ($\OT1/cmr/m/n/10.95 2014$ \OT1/ppl/m/n/10.95 -- $\OT1/cmr/m
/n/10.95 24$\OT1/ppl/m/n/10.95 ). Dur-ing this pe-riod, the me-dian home price 
nearly dou-bled --- from around $\OT1/cmr/m/n/10.95 $160\OML/cmm/m/it/10.95 ; \
OT1/cmr/m/n/10.95 000$
[1]
Overfull \hbox (4.97803pt too wide) in paragraph at lines 7--9
\OT1/ppl/m/n/10.95 Homes amend-ment, which lim-its an-nual in-creases in as-ses
sed value for owner-occupied homes,
) (./Papers/Economic-Model.tex [2]
(/usr/share/texlive/texmf-dist/tex/latex/psnfss/ot1pcr.fd) [3])
(./Papers/Statistical-Model.tex

Package natbib Warning: Citation `abelson:1979' on page 4 undefined on input li
ne 5.

[4]
Overfull \hbox (4.66522pt too wide) in paragraph at lines 18--19
[]\OT1/ppl/m/n/10.95 LASSO aug-ments the stan-dard sum-of-squares ob-jec-tive f
unc-tion with an ad-di-tional penalty
[5]) (./Papers/Empirical-Specification.tex [6]

Package natbib Warning: Citation `bls:2024' on page 7 undefined on input line 1
7.

[7] [8 <./Figures/sale_price_distribution.png>]
(./Tables/summary_statistics_table.tex)

Package natbib Warning: Citation `abelson:1979' on page 9 undefined on input li
ne 49.

[9]

Package natbib Warning: Citation `orangecounty2025' on page 10 undefined on inp
ut line 53.

) (./Papers/Empirical-Results.tex [10] [11]
(./Tables/lasso_selection_results.tex)

Package natbib Warning: Citation `lockhartEtAl:2014' on page 12 undefined on in
put line 28.

[12] [13] (./Tables/coef_table_central.tex [14 <./Figures/qqplot_orlando_centra
l.png> <./Figures/qqplot_orlando_east.png>]) (./Tables/coef_table_east.tex)
[15] [16] (./Tables/orlando_central_binary_coef.tex)
(./Tables/orlando_east_binary_coef.tex)
Overfull \hbox (8.08073pt too wide) in paragraph at lines 133--134
[]\OT1/ppl/m/n/10.95 Although GAM bi-nary co-ef-fi-cients con-firm discrete-fea
ture ef-fects, ex-am-in-ing the derivative-
(./Tables/orlando_central_marginal.tex) (./Tables/orlando_east_marginal.tex)
[17] [18]

Package natbib Warning: Citation `brownEtAl:1992' on page 19 undefined on input
 line 159.

[19] [20]

Package natbib Warning: Citation `dipawill:1996' on page 21 undefined on input 
line 182.


Package natbib Warning: Citation `sirmansEtAl:2006' on page 21 undefined on inp
ut line 182.


Package natbib Warning: Citation `black:1999' on page 21 undefined on input lin
e 184.


Package natbib Warning: Citation `binpola:2004' on page 21 undefined on input l
ine 184.


Package natbib Warning: Citation `robertson:2019' on page 21 undefined on input
 line 186.


Package natbib Warning: Citation `meltcheu:2014' on page 21 undefined on input 
line 186.


Package natbib Warning: Citation `biblhsie:2001' on page 21 undefined on input 
line 188.


Package natbib Warning: Citation `boarchal:2001' on page 21 undefined on input 
line 190.


Overfull \hbox (29.7849pt too wide) in paragraph at lines 190--191
[]\OT1/ppl/m/n/10.95 The im-pacts of high-way prox-im-ity ob-served cor-re-spon
d to find-ings by Boar-net and Chalermpong

Package natbib Warning: Citation `nar:2020' on page 21 undefined on input line 
192.

) (./Papers/Recommendations.tex [21] [22]) (./Papers/Limitations.tex [23])
(./Papers/Conclusions.tex [24]) (./Papers/Acknowledgments.tex [25] [26])
(./Papers/Appendix-A.tex
Overfull \hbox (0.95605pt too wide) in paragraph at lines 7--10
[]\OT1/ppl/m/n/10.95 Only a sub-set of vari-ables was re-tained for anal-y-sis:
 \OT1/pcr/m/n/10.95 city\OT1/ppl/m/n/10.95 , \OT1/pcr/m/n/10.95 state\OT1/ppl/m
/n/10.95 , \OT1/pcr/m/n/10.95 bathrooms\OT1/ppl/m/n/10.95 , \OT1/pcr/m/n/10.95 
bedrooms\OT1/ppl/m/n/10.95 ,
[27]
Overfull \hbox (5.69583pt too wide) in paragraph at lines 23--24
[]\OT1/ppl/m/n/10.95 The nested \OT1/pcr/m/n/10.95 hoa[]details \OT1/ppl/m/n/10
.95 col-umn con-tains the fol-low-ing keys: \OT1/pcr/m/n/10.95 has[]hoa \OT1/pp
l/m/n/10.95 (in-di-cat-ing whether

Overfull \hbox (5.55899pt too wide) in paragraph at lines 23--24
\OT1/ppl/m/n/10.95 the prop-erty be-longs to a home-own-ers' as-so-ci-a-tion), 
as well as two lists, \OT1/pcr/m/n/10.95 amenities[]included
[28]) (./Papers/Appendix-B.tex) (./Papers/Appendix-C.tex [29]
Overfull \hbox (10.44127pt too wide) in paragraph at lines 9--10
\OT1/ppl/m/n/10.95 av-er-age dis-tance to each of the three clos-est schools by
 level. Fi-nally, I trans-formed \OT1/pcr/m/n/10.95 living[]area
(./Tables/high_corr_table.tex)) (./Papers/Appendix-D.tex [30]
(./Tables/quantiles_central.tex) (./Tables/quantiles_east.tex) [31] [32 <./Figu
res/orlando_east_age_smooth.png> <./Figures/orlando_central_age_smooth.png>]
[33 <./Figures/orlando_east_sqft_per_bedroom_smooth.png> <./Figures/orlando_cen
tral_sqft_per_bedroom_smooth.png> <./Figures/orlando_east_bathrooms_smooth.png>
 <./Figures/orlando_central_bathrooms_smooth.png> <./Figures/orlando_east_bedro
oms_smooth.png> <./Figures/orlando_central_bedrooms_smooth.png>] [34 <./Figures
/orlando_east_avg_schools_rating_smooth.png> <./Figures/orlando_central_avg_sch
ools_rating_smooth.png> <./Figures/orlando_east_min_distance_highway_smooth.png
> <./Figures/orlando_central_min_distance_highway_smooth.png>])
(./PBaikova-Paper.bbl
Underfull \hbox (badness 2426) in paragraph at lines 118--123
[]\OT1/ppl/m/n/10.95 National As-so-ci-a-tion of Re-al-tors (2020).  \OT1/ppl/m
/it/10.95 Pro-file of Home Buy-ers and Sell-ers\OT1/ppl/m/n/10.95 .  NAR

Underfull \hbox (badness 6204) in paragraph at lines 118--123
\OT1/ppl/m/n/10.95 Pub-li-ca-tions.  $\OT1/pcr/m/n/10.95 https : / / www . nar 
. realtor / sites / default / files / documents /
[35]
Underfull \hbox (badness 4254) in paragraph at lines 132--135
[]\OT1/ppl/m/n/10.95 Orlando Re-gional Re-al-tor As-so-ci-a-tion (2024).  Mar-k
et Statis-tics.  $\OT1/pcr/m/n/10.95 https : / / www .
)

Package natbib Warning: There were undefined citations.

[36] (./PBaikova-Paper.aux

Package natbib Warning: Citation(s) may have changed.
(natbib)                Rerun to get citations correct.

) )
(see the transcript file for additional information){/usr/share/texlive/texmf-d
ist/fonts/enc/dvips/base/8r.enc}</usr/share/texlive/texmf-dist/fonts/type1/publ
ic/amsfonts/cm/cmbx10.pfb></usr/share/texlive/texmf-dist/fonts/type1/public/ams
fonts/cm/cmbx8.pfb></usr/share/texlive/texmf-dist/fonts/type1/public/amsfonts/c
m/cmex10.pfb></usr/share/texlive/texmf-dist/fonts/type1/public/amsfonts/cm/cmmi
10.pfb></usr/share/texlive/texmf-dist/fonts/type1/public/amsfonts/cm/cmmi6.pfb>
</usr/share/texlive/texmf-dist/fonts/type1/public/amsfonts/cm/cmmi8.pfb></usr/s
hare/texlive/texmf-dist/fonts/type1/public/amsfonts/cm/cmmib10.pfb></usr/share/
texlive/texmf-dist/fonts/type1/public/amsfonts/cmextra/cmmib8.pfb></usr/share/t
exlive/texmf-dist/fonts/type1/public/amsfonts/cm/cmr10.pfb></usr/share/texlive/
texmf-dist/fonts/type1/public/amsfonts/cm/cmr8.pfb></usr/share/texlive/texmf-di
st/fonts/type1/public/amsfonts/cm/cmsy10.pfb></usr/share/texlive/texmf-dist/fon
ts/type1/public/amsfonts/cm/cmsy8.pfb></usr/share/texlive/texmf-dist/fonts/type
1/urw/courier/ucrr8a.pfb></usr/share/texlive/texmf-dist/fonts/type1/urw/palatin
o/uplb8a.pfb></usr/share/texlive/texmf-dist/fonts/type1/urw/palatino/uplr8a.pfb
></usr/share/texlive/texmf-dist/fonts/type1/urw/palatino/uplri8a.pfb>
Output written on PBaikova-Paper.pdf (37 pages, 808745 bytes).
Transcript written on PBaikova-Paper.log.
