This is pdfTeX, Version 3.14159265-2.6-1.40.19 (TeX Live 2018) (preloaded format=pdflatex 2025.5.18)  26 JUL 2025 22:16
entering extended mode
 restricted \write18 enabled.
 %&-line parsing enabled.
**/home/ad/po595678/final_test/Papers/PBaikova-Paper.tex
(/home/ad/po595678/final_test/Papers/PBaikova-Paper.tex
LaTeX2e <2017-04-15>
Babel <3.17> and hyphenation patterns for 3 language(s) loaded.
(/usr/share/texlive/texmf-dist/tex/latex/base/article.cls
Document Class: article 2014/09/29 v1.4h Standard LaTeX document class
(/usr/share/texlive/texmf-dist/tex/latex/base/size11.clo
File: size11.clo 2014/09/29 v1.4h Standard LaTeX file (size option)
)
\c@part=\count79
\c@section=\count80
\c@subsection=\count81
\c@subsubsection=\count82
\c@paragraph=\count83
\c@subparagraph=\count84
\c@figure=\count85
\c@table=\count86
\abovecaptionskip=\skip41
\belowcaptionskip=\skip42
\bibindent=\dimen102
)
(/usr/share/texlive/texmf-dist/tex/latex/psnfss/palatino.sty
Package: palatino 2005/04/12 PSNFSS-v9.2a (SPQR) 
)
(/usr/share/texlive/texmf-dist/tex/latex/setspace/setspace.sty
Package: setspace 2011/12/19 v6.7a set line spacing
)
(/usr/share/texlive/texmf-dist/tex/latex/geometry/geometry.sty
Package: geometry 2010/09/12 v5.6 Page Geometry

(/usr/share/texlive/texmf-dist/tex/latex/graphics/keyval.sty
Package: keyval 2014/10/28 v1.15 key=value parser (DPC)
\KV@toks@=\toks14
)
(/usr/share/texlive/texmf-dist/tex/generic/oberdiek/ifpdf.sty
Package: ifpdf 2017/03/15 v3.2 Provides the ifpdf switch
)
(/usr/share/texlive/texmf-dist/tex/generic/oberdiek/ifvtex.sty
Package: ifvtex 2016/05/16 v1.6 Detect VTeX and its facilities (HO)
Package ifvtex Info: VTeX not detected.
)
(/usr/share/texlive/texmf-dist/tex/generic/ifxetex/ifxetex.sty
Package: ifxetex 2010/09/12 v0.6 Provides ifxetex conditional
)
\Gm@cnth=\count87
\Gm@cntv=\count88
\c@Gm@tempcnt=\count89
\Gm@bindingoffset=\dimen103
\Gm@wd@mp=\dimen104
\Gm@odd@mp=\dimen105
\Gm@even@mp=\dimen106
\Gm@layoutwidth=\dimen107
\Gm@layoutheight=\dimen108
\Gm@layouthoffset=\dimen109
\Gm@layoutvoffset=\dimen110
\Gm@dimlist=\toks15
)
(/usr/share/texlive/texmf-dist/tex/latex/fancyhdr/fancyhdr.sty
Package: fancyhdr 2017/06/30 v3.9a Extensive control of page headers and footer
s
\f@nch@headwidth=\skip43
\f@nch@O@elh=\skip44
\f@nch@O@erh=\skip45
\f@nch@O@olh=\skip46
\f@nch@O@orh=\skip47
\f@nch@O@elf=\skip48
\f@nch@O@erf=\skip49
\f@nch@O@olf=\skip50
\f@nch@O@orf=\skip51
)
(/usr/share/texlive/texmf-dist/tex/latex/amsmath/amsmath.sty
Package: amsmath 2017/09/02 v2.17a AMS math features
\@mathmargin=\skip52

For additional information on amsmath, use the `?' option.
(/usr/share/texlive/texmf-dist/tex/latex/amsmath/amstext.sty
Package: amstext 2000/06/29 v2.01 AMS text

(/usr/share/texlive/texmf-dist/tex/latex/amsmath/amsgen.sty
File: amsgen.sty 1999/11/30 v2.0 generic functions
\@emptytoks=\toks16
\ex@=\dimen111
))
(/usr/share/texlive/texmf-dist/tex/latex/amsmath/amsbsy.sty
Package: amsbsy 1999/11/29 v1.2d Bold Symbols
\pmbraise@=\dimen112
)
(/usr/share/texlive/texmf-dist/tex/latex/amsmath/amsopn.sty
Package: amsopn 2016/03/08 v2.02 operator names
)
\inf@bad=\count90
LaTeX Info: Redefining \frac on input line 213.
\uproot@=\count91
\leftroot@=\count92
LaTeX Info: Redefining \overline on input line 375.
\classnum@=\count93
\DOTSCASE@=\count94
LaTeX Info: Redefining \ldots on input line 472.
LaTeX Info: Redefining \dots on input line 475.
LaTeX Info: Redefining \cdots on input line 596.
\Mathstrutbox@=\box26
\strutbox@=\box27
\big@size=\dimen113
LaTeX Font Info:    Redeclaring font encoding OML on input line 712.
LaTeX Font Info:    Redeclaring font encoding OMS on input line 713.
\macc@depth=\count95
\c@MaxMatrixCols=\count96
\dotsspace@=\muskip10
\c@parentequation=\count97
\dspbrk@lvl=\count98
\tag@help=\toks17
\row@=\count99
\column@=\count100
\maxfields@=\count101
\andhelp@=\toks18
\eqnshift@=\dimen114
\alignsep@=\dimen115
\tagshift@=\dimen116
\tagwidth@=\dimen117
\totwidth@=\dimen118
\lineht@=\dimen119
\@envbody=\toks19
\multlinegap=\skip53
\multlinetaggap=\skip54
\mathdisplay@stack=\toks20
LaTeX Info: Redefining \[ on input line 2817.
LaTeX Info: Redefining \] on input line 2818.
)
(/usr/share/texlive/texmf-dist/tex/latex/amsfonts/amssymb.sty
Package: amssymb 2013/01/14 v3.01 AMS font symbols

(/usr/share/texlive/texmf-dist/tex/latex/amsfonts/amsfonts.sty
Package: amsfonts 2013/01/14 v3.01 Basic AMSFonts support
\symAMSa=\mathgroup4
\symAMSb=\mathgroup5
LaTeX Font Info:    Overwriting math alphabet `\mathfrak' in version `bold'
(Font)                  U/euf/m/n --> U/euf/b/n on input line 106.
))
(/usr/share/texlive/texmf-dist/tex/latex/graphics/graphicx.sty
Package: graphicx 2017/06/01 v1.1a Enhanced LaTeX Graphics (DPC,SPQR)

(/usr/share/texlive/texmf-dist/tex/latex/graphics/graphics.sty
Package: graphics 2017/06/25 v1.2c Standard LaTeX Graphics (DPC,SPQR)

(/usr/share/texlive/texmf-dist/tex/latex/graphics/trig.sty
Package: trig 2016/01/03 v1.10 sin cos tan (DPC)
)
(/usr/share/texlive/texmf-dist/tex/latex/graphics-cfg/graphics.cfg
File: graphics.cfg 2016/06/04 v1.11 sample graphics configuration
)
Package graphics Info: Driver file: pdftex.def on input line 99.

(/usr/share/texlive/texmf-dist/tex/latex/graphics-def/pdftex.def
File: pdftex.def 2017/06/24 v1.0g Graphics/color driver for pdftex
))
\Gin@req@height=\dimen120
\Gin@req@width=\dimen121
)
(/usr/share/texlive/texmf-dist/tex/latex/float/float.sty
Package: float 2001/11/08 v1.3d Float enhancements (AL)
\c@float@type=\count102
\float@exts=\toks21
\float@box=\box28
\@float@everytoks=\toks22
\@floatcapt=\box29
)
(/usr/share/texlive/texmf-dist/tex/latex/natbib/natbib.sty
Package: natbib 2010/09/13 8.31b (PWD, AO)
\bibhang=\skip55
\bibsep=\skip56
LaTeX Info: Redefining \cite on input line 694.
\c@NAT@ctr=\count103
)
(/usr/share/texlive/texmf-dist/tex/latex/caption/caption.sty
Package: caption 2016/02/21 v3.3-144 Customizing captions (AR)

(/usr/share/texlive/texmf-dist/tex/latex/caption/caption3.sty
Package: caption3 2016/05/22 v1.7-166 caption3 kernel (AR)
Package caption3 Info: TeX engine: e-TeX on input line 67.
\captionmargin=\dimen122
\captionmargin@=\dimen123
\captionwidth=\dimen124
\caption@tempdima=\dimen125
\caption@indent=\dimen126
\caption@parindent=\dimen127
\caption@hangindent=\dimen128
)
\c@ContinuedFloat=\count104
Package caption Info: float package is loaded.
)
(/usr/share/texlive/texmf-dist/tex/latex/pdfpages/pdfpages.sty
Package: pdfpages 2017/08/14 v0.5k Insert pages of external PDF documents (AM)

(/usr/share/texlive/texmf-dist/tex/latex/base/ifthen.sty
Package: ifthen 2014/09/29 v1.1c Standard LaTeX ifthen package (DPC)
)
(/usr/share/texlive/texmf-dist/tex/latex/tools/calc.sty
Package: calc 2014/10/28 v4.3 Infix arithmetic (KKT,FJ)
\calc@Acount=\count105
\calc@Bcount=\count106
\calc@Adimen=\dimen129
\calc@Bdimen=\dimen130
\calc@Askip=\skip57
\calc@Bskip=\skip58
LaTeX Info: Redefining \setlength on input line 80.
LaTeX Info: Redefining \addtolength on input line 81.
\calc@Ccount=\count107
\calc@Cskip=\skip59
)
(/usr/share/texlive/texmf-dist/tex/latex/eso-pic/eso-pic.sty
Package: eso-pic 2015/07/21 v2.0g eso-pic (RN)

(/usr/share/texlive/texmf-dist/tex/generic/oberdiek/atbegshi.sty
Package: atbegshi 2016/06/09 v1.18 At begin shipout hook (HO)

(/usr/share/texlive/texmf-dist/tex/generic/oberdiek/infwarerr.sty
Package: infwarerr 2016/05/16 v1.4 Providing info/warning/error messages (HO)
)
(/usr/share/texlive/texmf-dist/tex/generic/oberdiek/ltxcmds.sty
Package: ltxcmds 2016/05/16 v1.23 LaTeX kernel commands for general use (HO)
))
(/usr/share/texlive/texmf-dist/tex/latex/xcolor/xcolor.sty
Package: xcolor 2016/05/11 v2.12 LaTeX color extensions (UK)

(/usr/share/texlive/texmf-dist/tex/latex/graphics-cfg/color.cfg
File: color.cfg 2016/01/02 v1.6 sample color configuration
)
Package xcolor Info: Driver file: pdftex.def on input line 225.
Package xcolor Info: Model `cmy' substituted by `cmy0' on input line 1348.
Package xcolor Info: Model `hsb' substituted by `rgb' on input line 1352.
Package xcolor Info: Model `RGB' extended on input line 1364.
Package xcolor Info: Model `HTML' substituted by `rgb' on input line 1366.
Package xcolor Info: Model `Hsb' substituted by `hsb' on input line 1367.
Package xcolor Info: Model `tHsb' substituted by `hsb' on input line 1368.
Package xcolor Info: Model `HSB' substituted by `hsb' on input line 1369.
Package xcolor Info: Model `Gray' substituted by `gray' on input line 1370.
Package xcolor Info: Model `wave' substituted by `hsb' on input line 1371.
))
\AM@pagewidth=\dimen131
\AM@pageheight=\dimen132

(/usr/share/texlive/texmf-dist/tex/latex/pdfpages/pppdftex.def
File: pppdftex.def 2017/08/14 v0.5k Pdfpages driver for pdfTeX (AM)
)
\AM@pagebox=\box30
\AM@global@opts=\toks23
\AM@toc@title=\toks24
\c@AM@survey=\count108
\AM@templatesizebox=\box31
)
(/usr/share/texlive/texmf-dist/tex/latex/booktabs/booktabs.sty
Package: booktabs 2016/04/27 v1.618033 publication quality tables
\heavyrulewidth=\dimen133
\lightrulewidth=\dimen134
\cmidrulewidth=\dimen135
\belowrulesep=\dimen136
\belowbottomsep=\dimen137
\aboverulesep=\dimen138
\abovetopsep=\dimen139
\cmidrulesep=\dimen140
\cmidrulekern=\dimen141
\defaultaddspace=\dimen142
\@cmidla=\count109
\@cmidlb=\count110
\@aboverulesep=\dimen143
\@belowrulesep=\dimen144
\@thisruleclass=\count111
\@lastruleclass=\count112
\@thisrulewidth=\dimen145
)
(/usr/share/texlive/texmf-dist/tex/latex/url/url.sty
\Urlmuskip=\muskip11
Package: url 2013/09/16  ver 3.4  Verb mode for urls, etc.
)
(/home/ad/po595678/final_test/Papers/PBaikova-Paper.aux)
\openout1 = `PBaikova-Paper.aux'.

LaTeX Font Info:    Checking defaults for OML/cmm/m/it on input line 21.
LaTeX Font Info:    ... okay on input line 21.
LaTeX Font Info:    Checking defaults for T1/cmr/m/n on input line 21.
LaTeX Font Info:    ... okay on input line 21.
LaTeX Font Info:    Checking defaults for OT1/cmr/m/n on input line 21.
LaTeX Font Info:    ... okay on input line 21.
LaTeX Font Info:    Checking defaults for OMS/cmsy/m/n on input line 21.
LaTeX Font Info:    ... okay on input line 21.
LaTeX Font Info:    Checking defaults for OMX/cmex/m/n on input line 21.
LaTeX Font Info:    ... okay on input line 21.
LaTeX Font Info:    Checking defaults for U/cmr/m/n on input line 21.
LaTeX Font Info:    ... okay on input line 21.
LaTeX Font Info:    Try loading font information for OT1+ppl on input line 21.

(/usr/share/texlive/texmf-dist/tex/latex/psnfss/ot1ppl.fd
File: ot1ppl.fd 2001/06/04 font definitions for OT1/ppl.
)
*geometry* driver: auto-detecting
*geometry* detected driver: pdftex
*geometry* verbose mode - [ preamble ] result:
* driver: pdftex
* paper: a4paper
* layout: <same size as paper>
* layoutoffset:(h,v)=(0.0pt,0.0pt)
* modes: 
* h-part:(L,W,R)=(72.26999pt, 452.9679pt, 72.26999pt)
* v-part:(T,H,B)=(72.26999pt, 700.50687pt, 72.26999pt)
* \paperwidth=597.50787pt
* \paperheight=845.04684pt
* \textwidth=452.9679pt
* \textheight=700.50687pt
* \oddsidemargin=0.0pt
* \evensidemargin=0.0pt
* \topmargin=-37.0pt
* \headheight=12.0pt
* \headsep=25.0pt
* \topskip=11.0pt
* \footskip=30.0pt
* \marginparwidth=59.0pt
* \marginparsep=10.0pt
* \columnsep=10.0pt
* \skip\footins=10.0pt plus 4.0pt minus 2.0pt
* \hoffset=0.0pt
* \voffset=0.0pt
* \mag=1000
* \@twocolumnfalse
* \@twosidefalse
* \@mparswitchfalse
* \@reversemarginfalse
* (1in=72.27pt=25.4mm, 1cm=28.453pt)

(/usr/share/texlive/texmf-dist/tex/context/base/mkii/supp-pdf.mkii
[Loading MPS to PDF converter (version 2006.09.02).]
\scratchcounter=\count113
\scratchdimen=\dimen146
\scratchbox=\box32
\nofMPsegments=\count114
\nofMParguments=\count115
\everyMPshowfont=\toks25
\MPscratchCnt=\count116
\MPscratchDim=\dimen147
\MPnumerator=\count117
\makeMPintoPDFobject=\count118
\everyMPtoPDFconversion=\toks26
) (/usr/share/texlive/texmf-dist/tex/latex/oberdiek/epstopdf-base.sty
Package: epstopdf-base 2016/05/15 v2.6 Base part for package epstopdf

(/usr/share/texlive/texmf-dist/tex/latex/oberdiek/grfext.sty
Package: grfext 2016/05/16 v1.2 Manage graphics extensions (HO)

(/usr/share/texlive/texmf-dist/tex/generic/oberdiek/kvdefinekeys.sty
Package: kvdefinekeys 2016/05/16 v1.4 Define keys (HO)
))
(/usr/share/texlive/texmf-dist/tex/latex/oberdiek/kvoptions.sty
Package: kvoptions 2016/05/16 v3.12 Key value format for package options (HO)

(/usr/share/texlive/texmf-dist/tex/generic/oberdiek/kvsetkeys.sty
Package: kvsetkeys 2016/05/16 v1.17 Key value parser (HO)

(/usr/share/texlive/texmf-dist/tex/generic/oberdiek/etexcmds.sty
Package: etexcmds 2016/05/16 v1.6 Avoid name clashes with e-TeX commands (HO)

(/usr/share/texlive/texmf-dist/tex/generic/oberdiek/ifluatex.sty
Package: ifluatex 2016/05/16 v1.4 Provides the ifluatex switch (HO)
Package ifluatex Info: LuaTeX not detected.
)
Package etexcmds Info: Could not find \expanded.
(etexcmds)             That can mean that you are not using pdfTeX 1.50 or
(etexcmds)             that some package has redefined \expanded.
(etexcmds)             In the latter case, load this package earlier.
)))
(/usr/share/texlive/texmf-dist/tex/generic/oberdiek/pdftexcmds.sty
Package: pdftexcmds 2017/03/19 v0.25 Utility functions of pdfTeX for LuaTeX (HO
)
Package pdftexcmds Info: LuaTeX not detected.
Package pdftexcmds Info: \pdf@primitive is available.
Package pdftexcmds Info: \pdf@ifprimitive is available.
Package pdftexcmds Info: \pdfdraftmode found.
)
Package epstopdf-base Info: Redefining graphics rule for `.eps' on input line 4
38.
Package grfext Info: Graphics extension search list:
(grfext)             [.pdf,.png,.jpg,.mps,.jpeg,.jbig2,.jb2,.PDF,.PNG,.JPG,.JPE
G,.JBIG2,.JB2,.eps]
(grfext)             \AppendGraphicsExtensions on input line 456.

(/usr/share/texlive/texmf-dist/tex/latex/latexconfig/epstopdf-sys.cfg
File: epstopdf-sys.cfg 2010/07/13 v1.3 Configuration of (r)epstopdf for TeX Liv
e
))
Package caption Info: Begin \AtBeginDocument code.
Package caption Info: End \AtBeginDocument code.
\AtBeginShipoutBox=\box33

(/usr/share/texlive/texmf-dist/tex/latex/oberdiek/pdflscape.sty
Package: pdflscape 2016/05/14 v0.11 Display of landscape pages in PDF (HO)

(/usr/share/texlive/texmf-dist/tex/latex/graphics/lscape.sty
Package: lscape 2000/10/22 v3.01 Landscape Pages (DPC)
)
Package pdflscape Info: Auto-detected driver: pdftex on input line 81.
)
Missing character: There is no ‚ in font pplr7t!
Missing character: There is no Ä in font pplr7t!
Missing character: There is no ì in font pplr7t!
Missing character: There is no ‚ in font pplr7t!
Missing character: There is no Ä in font pplr7t!
Missing character: There is no Ø in font pplr7t!
Missing character: There is no ¬ in font pplr7t!
Missing character: There is no † in font pplr7t!
Missing character: There is no ¬ in font pplr7t!
Missing character: There is no † in font pplr7t!
 [1

{/usr/share/texlive/texmf-dist/fonts/map/pdftex/updmap/pdftex.map}]
(/home/ad/po595678/final_test/Papers/Introduction.tex
LaTeX Font Info:    Font shape `OT1/ppl/bx/n' in size <14.4> not available
(Font)              Font shape `OT1/ppl/b/n' tried instead on input line 1.
Missing character: There is no ‚ in font pplr7t!
Missing character: There is no Ä in font pplr7t!
Missing character: There is no ô in font pplr7t!
LaTeX Font Info:    Font shape `OT1/ppl/bx/n' in size <10.95> not available
(Font)              Font shape `OT1/ppl/b/n' tried instead on input line 3.


Package natbib Warning: Citation `bebr:2023' on page 1 undefined on input line 
3.


Package natbib Warning: Citation `rosen:1974' on page 1 undefined on input line
 7.

Missing character: There is no ‚ in font pplr7t!
Missing character: There is no Ä in font pplr7t!
Missing character: There is no ô in font pplr7t!
) (/home/ad/po595678/final_test/Papers/Institutional-Details.tex
Missing character: There is no ‚ in font pplr7t!
Missing character: There is no Ä in font pplr7t!
Missing character: There is no ô in font pplr7t!
Missing character: There is no ‚ in font pplr7t!
Missing character: There is no Ä in font pplr7t!
Missing character: There is no ô in font pplr7t!
LaTeX Font Info:    Try loading font information for U+msa on input line 4.

(/usr/share/texlive/texmf-dist/tex/latex/amsfonts/umsa.fd
File: umsa.fd 2013/01/14 v3.01 AMS symbols A
)
LaTeX Font Info:    Try loading font information for U+msb on input line 4.

(/usr/share/texlive/texmf-dist/tex/latex/amsfonts/umsb.fd
File: umsb.fd 2013/01/14 v3.01 AMS symbols B
)

Package natbib Warning: Citation `orra:2024' on page 1 undefined on input line 
4.


Package natbib Warning: Citation `bls:2024' on page 1 undefined on input line 4
.


Overfull \hbox (2.62956pt too wide) in paragraph at lines 4--6
\OT1/ppl/m/n/10.95 ($\OT1/cmr/m/n/10.95 2014$ \OT1/ppl/m/n/10.95 -- $\OT1/cmr/m
/n/10.95 24$\OT1/ppl/m/n/10.95 ). Dur-ing this pe-riod, the me-dian home price 
nearly dou-bled --- from around $\OT1/cmr/m/n/10.95 $160\OML/cmm/m/it/10.95 ; \
OT1/cmr/m/n/10.95 000$
 []

[1]
Overfull \hbox (4.97803pt too wide) in paragraph at lines 7--9
\OT1/ppl/m/n/10.95 Homes amend-ment, which lim-its an-nual in-creases in as-ses
sed value for owner-occupied homes,
 []

) (/home/ad/po595678/final_test/Papers/Economic-Model.tex
LaTeX Font Info:    Font shape `OT1/ppl/bx/n' in size <12> not available
(Font)              Font shape `OT1/ppl/b/n' tried instead on input line 2.
Missing character: There is no ‚ in font pplr7t!
Missing character: There is no Ä in font pplr7t!
Missing character: There is no ô in font pplr7t!
 [2]
LaTeX Font Info:    Try loading font information for OT1+pcr on input line 10.

(/usr/share/texlive/texmf-dist/tex/latex/psnfss/ot1pcr.fd
File: ot1pcr.fd 2001/06/04 font definitions for OT1/pcr.
) [3])
(/home/ad/po595678/final_test/Papers/Statistical-Model.tex

Package natbib Warning: Citation `abelson:1979' on page 4 undefined on input li
ne 5.

[4]
Overfull \hbox (4.66522pt too wide) in paragraph at lines 18--19
[]\OT1/ppl/m/n/10.95 LASSO aug-ments the stan-dard sum-of-squares ob-jec-tive f
unc-tion with an ad-di-tional penalty
 []

[5]) (/home/ad/po595678/final_test/Papers/Empirical-Specification.tex [6]
Missing character: There is no ‚ in font pplr7t!
Missing character: There is no Ä in font pplr7t!
Missing character: There is no ô in font pplr7t!


Package natbib Warning: Citation `bls:2024' on page 7 undefined on input line 1
7.

<Figures/sale_price_distribution.png, id=40, 722.7pt x 361.35pt>
File: Figures/sale_price_distribution.png Graphic file (type png)
<use Figures/sale_price_distribution.png>
Package pdftex.def Info: Figures/sale_price_distribution.png  used on input lin
e 29. on input line 29.
Package pdftex.def Info: Requested size: 407.66833pt x 203.8323pt on input line
 29.
[7]
Missing character: There is no ‚ in font pplr7t!
Missing character: There is no Ä in font pplr7t!
Missing character: There is no ô in font pplr7t!
Missing character: There is no ‚ in font pplr7t!
Missing character: There is no Ä in font pplr7t!
Missing character: There is no ô in font pplr7t!
 [8 <./Figures/sale_price_distribution.png>]
(./Tables/summary_statistics_table.tex)

Package natbib Warning: Citation `abelson:1979' on page 9 undefined on input li
ne 49.

[9]

Package natbib Warning: Citation `orangecounty2025' on page 10 undefined on inp
ut line 53.

) (/home/ad/po595678/final_test/Papers/Empirical-Results.tex [10] [11]
(./Tables/lasso_selection_results.tex)

Package natbib Warning: Citation `lockhartEtAl:2014' on page 12 undefined on in
put line 28.

[12]
<Figures/qqplot_orlando_central.png, id=62, 462.528pt x 346.896pt>
File: Figures/qqplot_orlando_central.png Graphic file (type png)
<use Figures/qqplot_orlando_central.png>
Package pdftex.def Info: Figures/qqplot_orlando_central.png  used on input line
 67. on input line 67.
Package pdftex.def Info: Requested size: 317.07614pt x 237.81816pt on input lin
e 67.
 [13]
<Figures/qqplot_orlando_east.png, id=66, 462.528pt x 346.896pt>
File: Figures/qqplot_orlando_east.png Graphic file (type png)
<use Figures/qqplot_orlando_east.png>
Package pdftex.def Info: Figures/qqplot_orlando_east.png  used on input line 74
. on input line 74.
Package pdftex.def Info: Requested size: 317.07614pt x 237.81816pt on input lin
e 74.
Missing character: There is no ‚ in font pplr7t!
Missing character: There is no Ä in font pplr7t!
Missing character: There is no ì in font pplr7t!
Missing character: There is no ‚ in font pplr7t!
Missing character: There is no Ä in font pplr7t!
Missing character: There is no ì in font pplr7t!
 (./Tables/coef_table_central.tex
Missing character: There is no ‚ in font pplr7t!
Missing character: There is no Ä in font pplr7t!
Missing character: There is no ë in font pplr7t!
Missing character: There is no ‚ in font pplr7t!
Missing character: There is no Ä in font pplr7t!
Missing character: There is no Ø in font pplr7t!
Missing character: There is no ‚ in font pplr7t!
Missing character: There is no Ä in font pplr7t!
Missing character: There is no ë in font pplr7t!
Missing character: There is no ‚ in font pplr7t!
Missing character: There is no Ä in font pplr7t!
Missing character: There is no Ø in font pplr7t!
 [14 <./Figures/qqplot_orlando_central.png> <./Figures/qqplot_orlando_east.png>
]) (./Tables/coef_table_east.tex
Missing character: There is no ‚ in font pplr7t!
Missing character: There is no Ä in font pplr7t!
Missing character: There is no ë in font pplr7t!
Missing character: There is no ‚ in font pplr7t!
Missing character: There is no Ä in font pplr7t!
Missing character: There is no Ø in font pplr7t!
Missing character: There is no ‚ in font pplr7t!
Missing character: There is no Ä in font pplr7t!
Missing character: There is no ë in font pplr7t!
Missing character: There is no ‚ in font pplr7t!
Missing character: There is no Ä in font pplr7t!
Missing character: There is no Ø in font pplr7t!
)
[15]
Missing character: There is no ‚ in font pplr7t!
Missing character: There is no Ä in font pplr7t!
Missing character: There is no ë in font pplr7t!
Missing character: There is no ‚ in font pplr7t!
Missing character: There is no Ä in font pplr7t!
Missing character: There is no ë in font pplr7t!
 [16] (./Tables/orlando_central_binary_coef.tex)
(./Tables/orlando_east_binary_coef.tex)
Overfull \hbox (8.08073pt too wide) in paragraph at lines 133--134
[]\OT1/ppl/m/n/10.95 Although GAM bi-nary co-ef-fi-cients con-firm discrete-fea
ture ef-fects, ex-am-in-ing the derivative-
 []

(./Tables/orlando_central_marginal.tex
Missing character: There is no ‚ in font pplr7t!
Missing character: There is no Ä in font pplr7t!
Missing character: There is no ì in font pplr7t!
Missing character: There is no ¬ in font pplr7t!
Missing character: There is no † in font pplr7t!
Missing character: There is no ‚ in font pplr7t!
Missing character: There is no Ä in font pplr7t!
Missing character: There is no ì in font pplr7t!
Missing character: There is no ¬ in font pplr7t!
Missing character: There is no † in font pplr7t!
) (./Tables/orlando_east_marginal.tex
Missing character: There is no ‚ in font pplr7t!
Missing character: There is no Ä in font pplr7t!
Missing character: There is no ì in font pplr7t!
Missing character: There is no ¬ in font pplr7t!
Missing character: There is no † in font pplr7t!
Missing character: There is no ‚ in font pplr7t!
Missing character: There is no Ä in font pplr7t!
Missing character: There is no ì in font pplr7t!
Missing character: There is no ¬ in font pplr7t!
Missing character: There is no † in font pplr7t!
)
[17]
Missing character: There is no ‚ in font pplr7t!
Missing character: There is no Ä in font pplr7t!
Missing character: There is no ô in font pplr7t!
 [18]

Package natbib Warning: Citation `brownEtAl:1992' on page 19 undefined on input
 line 159.

[19]
Missing character: There is no ‚ in font pplr7t!
Missing character: There is no Ä in font pplr7t!
Missing character: There is no ô in font pplr7t!
 [20]

Package natbib Warning: Citation `dipawill:1996' on page 21 undefined on input 
line 182.


Package natbib Warning: Citation `sirmansEtAl:2006' on page 21 undefined on inp
ut line 182.

Missing character: There is no ‚ in font pplr7t!
Missing character: There is no Ä in font pplr7t!
Missing character: There is no ì in font pplr7t!
Missing character: There is no ‚ in font pplr7t!
Missing character: There is no Ä in font pplr7t!
Missing character: There is no ì in font pplr7t!
Missing character: There is no ‚ in font pplr7t!
Missing character: There is no Ä in font pplr7t!
Missing character: There is no ô in font pplr7t!

Package natbib Warning: Citation `black:1999' on page 21 undefined on input lin
e 184.


Package natbib Warning: Citation `binpola:2004' on page 21 undefined on input l
ine 184.


Package natbib Warning: Citation `robertson:2019' on page 21 undefined on input
 line 186.


Package natbib Warning: Citation `meltcheu:2014' on page 21 undefined on input 
line 186.


Package natbib Warning: Citation `biblhsie:2001' on page 21 undefined on input 
line 188.


Package natbib Warning: Citation `boarchal:2001' on page 21 undefined on input 
line 190.


Overfull \hbox (29.7849pt too wide) in paragraph at lines 190--191
[]\OT1/ppl/m/n/10.95 The im-pacts of high-way prox-im-ity ob-served cor-re-spon
d to find-ings by Boar-net and Chalermpong
 []


Package natbib Warning: Citation `nar:2020' on page 21 undefined on input line 
192.

) (/home/ad/po595678/final_test/Papers/Recommendations.tex [21] [22])
(/home/ad/po595678/final_test/Papers/Limitations.tex [23]
Missing character: There is no ‚ in font pplr7t!
Missing character: There is no Ä in font pplr7t!
Missing character: There is no ô in font pplr7t!
)
(/home/ad/po595678/final_test/Papers/Conclusions.tex [24]
Missing character: There is no ‚ in font pplr7t!
Missing character: There is no Ä in font pplr7t!
Missing character: There is no ô in font pplr7t!
Missing character: There is no ‚ in font pplr7t!
Missing character: There is no Ä in font pplr7t!
Missing character: There is no ô in font pplr7t!
)
(/home/ad/po595678/final_test/Papers/Acknowledgments.tex [25] [26])
(/home/ad/po595678/final_test/Papers/Appendix-A.tex
Overfull \hbox (0.95605pt too wide) in paragraph at lines 7--10
[]\OT1/ppl/m/n/10.95 Only a sub-set of vari-ables was re-tained for anal-y-sis:
 \OT1/pcr/m/n/10.95 city\OT1/ppl/m/n/10.95 , \OT1/pcr/m/n/10.95 state\OT1/ppl/m
/n/10.95 , \OT1/pcr/m/n/10.95 bathrooms\OT1/ppl/m/n/10.95 , \OT1/pcr/m/n/10.95 
bedrooms\OT1/ppl/m/n/10.95 ,
 []

Missing character: There is no ‚ in font pplr7t!
Missing character: There is no Ä in font pplr7t!
Missing character: There is no ô in font pplr7t!
Missing character: There is no ‚ in font pplr7t!
Missing character: There is no Ä in font pplr7t!
Missing character: There is no ú in font pplr7t!
Missing character: There is no ‚ in font pplr7t!
Missing character: There is no Ä in font pplr7t!
Missing character: There is no ù in font pplr7t!
Missing character: There is no ‚ in font pplr7t!
Missing character: There is no Ä in font pplr7t!
Missing character: There is no ú in font pplr7t!
Missing character: There is no ‚ in font pplr7t!
Missing character: There is no Ä in font pplr7t!
Missing character: There is no ù in font pplr7t!
Missing character: There is no ‚ in font pplr7t!
Missing character: There is no Ä in font pplr7t!
Missing character: There is no ú in font pplr7t!
Missing character: There is no ‚ in font pplr7t!
Missing character: There is no Ä in font pplr7t!
Missing character: There is no ù in font pplr7t!
[27

]
Overfull \hbox (5.69583pt too wide) in paragraph at lines 23--24
[]\OT1/ppl/m/n/10.95 The nested \OT1/pcr/m/n/10.95 hoa[]details \OT1/ppl/m/n/10
.95 col-umn con-tains the fol-low-ing keys: \OT1/pcr/m/n/10.95 has[]hoa \OT1/pp
l/m/n/10.95 (in-di-cat-ing whether
 []


Overfull \hbox (5.55899pt too wide) in paragraph at lines 23--24
\OT1/ppl/m/n/10.95 the prop-erty be-longs to a home-own-ers' as-so-ci-a-tion), 
as well as two lists, \OT1/pcr/m/n/10.95 amenities[]included
 []

Missing character: There is no ‚ in font pplr7t!
Missing character: There is no Ä in font pplr7t!
Missing character: There is no ô in font pplr7t!
[28]) (/home/ad/po595678/final_test/Papers/Appendix-B.tex
Missing character: There is no ‚ in font pplr7t!
Missing character: There is no Ä in font pplr7t!
Missing character: There is no ô in font pplr7t!
Missing character: There is no ‚ in font pplr7t!
Missing character: There is no Ä in font pplr7t!
Missing character: There is no ì in font pplr7t!
)
(/home/ad/po595678/final_test/Papers/Appendix-C.tex [29]
Overfull \hbox (10.44127pt too wide) in paragraph at lines 9--10
\OT1/ppl/m/n/10.95 av-er-age dis-tance to each of the three clos-est schools by
 level. Fi-nally, I trans-formed \OT1/pcr/m/n/10.95 living[]area
 []

(./Tables/high_corr_table.tex))
(/home/ad/po595678/final_test/Papers/Appendix-D.tex [30]
Missing character: There is no ‚ in font pplr7t!
Missing character: There is no Ä in font pplr7t!
Missing character: There is no ô in font pplr7t!

(./Tables/quantiles_central.tex) (./Tables/quantiles_east.tex) [31]
Missing character: There is no ‚ in font pplr7t!
Missing character: There is no Ä in font pplr7t!
Missing character: There is no ô in font pplr7t!
Missing character: There is no ‚ in font pplr7t!
Missing character: There is no Ä in font pplr7t!
Missing character: There is no ú in font pplr7t!
Missing character: There is no ‚ in font pplr7t!
Missing character: There is no Ä in font pplr7t!
Missing character: There is no ù in font pplr7t!
Missing character: There is no ‚ in font pplr7t!
Missing character: There is no Ä in font pplr7t!
Missing character: There is no ô in font pplr7t!
Missing character: There is no ‚ in font pplr7t!
Missing character: There is no Ä in font pplr7t!
Missing character: There is no ì in font pplr7t!
Missing character: There is no ‚ in font pplr7t!
Missing character: There is no Ä in font pplr7t!
Missing character: There is no ë in font pplr7t!
Missing character: There is no ‚ in font pplr7t!
Missing character: There is no Ä in font pplr7t!
Missing character: There is no ë in font pplr7t!
Missing character: There is no ‚ in font pplr7t!
Missing character: There is no Ä in font pplr7t!
Missing character: There is no ë in font pplr7t!
<Figures/orlando_east_age_smooth.png, id=127, 397.485pt x 289.08pt>
File: Figures/orlando_east_age_smooth.png Graphic file (type png)
<use Figures/orlando_east_age_smooth.png>
Package pdftex.def Info: Figures/orlando_east_age_smooth.png  used on input lin
e 30. on input line 30.
Package pdftex.def Info: Requested size: 217.42265pt x 158.12993pt on input lin
e 30.
<Figures/orlando_central_age_smooth.png, id=128, 397.485pt x 289.08pt>
File: Figures/orlando_central_age_smooth.png Graphic file (type png)
<use Figures/orlando_central_age_smooth.png>
Package pdftex.def Info: Figures/orlando_central_age_smooth.png  used on input 
line 37. on input line 37.
Package pdftex.def Info: Requested size: 217.42265pt x 158.12993pt on input lin
e 37.
<Figures/orlando_east_sqft_per_bedroom_smooth.png, id=129, 397.485pt x 289.08pt
>
File: Figures/orlando_east_sqft_per_bedroom_smooth.png Graphic file (type png)
<use Figures/orlando_east_sqft_per_bedroom_smooth.png>
Package pdftex.def Info: Figures/orlando_east_sqft_per_bedroom_smooth.png  used
 on input line 47. on input line 47.
Package pdftex.def Info: Requested size: 217.42265pt x 158.12993pt on input lin
e 47.
<Figures/orlando_central_sqft_per_bedroom_smooth.png, id=130, 397.485pt x 289.0
8pt>
File: Figures/orlando_central_sqft_per_bedroom_smooth.png Graphic file (type pn
g)
<use Figures/orlando_central_sqft_per_bedroom_smooth.png>
Package pdftex.def Info: Figures/orlando_central_sqft_per_bedroom_smooth.png  u
sed on input line 53. on input line 53.
Package pdftex.def Info: Requested size: 217.42265pt x 158.12993pt on input lin
e 53.
 [32 <./Figures/orlando_east_age_smooth.png> <./Figures/orlando_central_age_smo
oth.png>]
<Figures/orlando_east_bathrooms_smooth.png, id=136, 397.485pt x 289.08pt>
File: Figures/orlando_east_bathrooms_smooth.png Graphic file (type png)
<use Figures/orlando_east_bathrooms_smooth.png>
Package pdftex.def Info: Figures/orlando_east_bathrooms_smooth.png  used on inp
ut line 65. on input line 65.
Package pdftex.def Info: Requested size: 217.42265pt x 158.12993pt on input lin
e 65.
<Figures/orlando_central_bathrooms_smooth.png, id=137, 397.485pt x 289.08pt>
File: Figures/orlando_central_bathrooms_smooth.png Graphic file (type png)
<use Figures/orlando_central_bathrooms_smooth.png>
Package pdftex.def Info: Figures/orlando_central_bathrooms_smooth.png  used on 
input line 72. on input line 72.
Package pdftex.def Info: Requested size: 217.42265pt x 158.12993pt on input lin
e 72.
<Figures/orlando_east_bedrooms_smooth.png, id=138, 397.485pt x 289.08pt>
File: Figures/orlando_east_bedrooms_smooth.png Graphic file (type png)
<use Figures/orlando_east_bedrooms_smooth.png>
Package pdftex.def Info: Figures/orlando_east_bedrooms_smooth.png  used on inpu
t line 81. on input line 81.
Package pdftex.def Info: Requested size: 217.42265pt x 158.12993pt on input lin
e 81.
<Figures/orlando_central_bedrooms_smooth.png, id=139, 397.485pt x 289.08pt>
File: Figures/orlando_central_bedrooms_smooth.png Graphic file (type png)
<use Figures/orlando_central_bedrooms_smooth.png>
Package pdftex.def Info: Figures/orlando_central_bedrooms_smooth.png  used on i
nput line 87. on input line 87.
Package pdftex.def Info: Requested size: 217.42265pt x 158.12993pt on input lin
e 87.
<Figures/orlando_east_avg_schools_rating_smooth.png, id=140, 397.485pt x 289.08
pt>
File: Figures/orlando_east_avg_schools_rating_smooth.png Graphic file (type png
)
<use Figures/orlando_east_avg_schools_rating_smooth.png>
Package pdftex.def Info: Figures/orlando_east_avg_schools_rating_smooth.png  us
ed on input line 97. on input line 97.
Package pdftex.def Info: Requested size: 217.42265pt x 158.12993pt on input lin
e 97.
<Figures/orlando_central_avg_schools_rating_smooth.png, id=141, 397.485pt x 289
.08pt>
File: Figures/orlando_central_avg_schools_rating_smooth.png Graphic file (type 
png)
<use Figures/orlando_central_avg_schools_rating_smooth.png>
Package pdftex.def Info: Figures/orlando_central_avg_schools_rating_smooth.png 
 used on input line 103. on input line 103.
Package pdftex.def Info: Requested size: 217.42265pt x 158.12993pt on input lin
e 103.

[33 <./Figures/orlando_east_sqft_per_bedroom_smooth.png> <./Figures/orlando_cen
tral_sqft_per_bedroom_smooth.png> <./Figures/orlando_east_bathrooms_smooth.png>
 <./Figures/orlando_central_bathrooms_smooth.png> <./Figures/orlando_east_bedro
oms_smooth.png> <./Figures/orlando_central_bedrooms_smooth.png>]
<Figures/orlando_east_min_distance_highway_smooth.png, id=151, 397.485pt x 289.
08pt>
File: Figures/orlando_east_min_distance_highway_smooth.png Graphic file (type p
ng)
<use Figures/orlando_east_min_distance_highway_smooth.png>
Package pdftex.def Info: Figures/orlando_east_min_distance_highway_smooth.png  
used on input line 113. on input line 113.
Package pdftex.def Info: Requested size: 217.42265pt x 158.12993pt on input lin
e 113.
<Figures/orlando_central_min_distance_highway_smooth.png, id=152, 397.485pt x 2
89.08pt>
File: Figures/orlando_central_min_distance_highway_smooth.png Graphic file (typ
e png)
<use Figures/orlando_central_min_distance_highway_smooth.png>
Package pdftex.def Info: Figures/orlando_central_min_distance_highway_smooth.pn
g  used on input line 119. on input line 119.
Package pdftex.def Info: Requested size: 217.42265pt x 158.12993pt on input lin
e 119.
 [34 <./Figures/orlando_east_avg_schools_rating_smooth.png> <./Figures/orlando_
central_avg_schools_rating_smooth.png> <./Figures/orlando_east_min_distance_hig
hway_smooth.png> <./Figures/orlando_central_min_distance_highway_smooth.png>])
No file PBaikova-Paper.bbl.

Package natbib Warning: There were undefined citations.

(/home/ad/po595678/final_test/Papers/PBaikova-Paper.aux) ) 
Here is how much of TeX's memory you used:
 6135 strings out of 494917
 92401 string characters out of 6180699
 163393 words of memory out of 5000000
 9228 multiletter control sequences out of 15000+600000
 23076 words of font info for 66 fonts, out of 8000000 for 9000
 14 hyphenation exceptions out of 8191
 41i,12n,43p,1394b,418s stack positions out of 5000i,500n,10000p,200000b,80000s
{/usr/share/texlive/t
exmf-dist/fonts/enc/dvips/base/8r.enc}</usr/share/texlive/texmf-dist/fonts/type
1/public/amsfonts/cm/cmbx10.pfb></usr/share/texlive/texmf-dist/fonts/type1/publ
ic/amsfonts/cm/cmbx8.pfb></usr/share/texlive/texmf-dist/fonts/type1/public/amsf
onts/cm/cmex10.pfb></usr/share/texlive/texmf-dist/fonts/type1/public/amsfonts/c
m/cmmi10.pfb></usr/share/texlive/texmf-dist/fonts/type1/public/amsfonts/cm/cmmi
6.pfb></usr/share/texlive/texmf-dist/fonts/type1/public/amsfonts/cm/cmmi8.pfb><
/usr/share/texlive/texmf-dist/fonts/type1/public/amsfonts/cm/cmmib10.pfb></usr/
share/texlive/texmf-dist/fonts/type1/public/amsfonts/cmextra/cmmib8.pfb></usr/s
hare/texlive/texmf-dist/fonts/type1/public/amsfonts/cm/cmr10.pfb></usr/share/te
xlive/texmf-dist/fonts/type1/public/amsfonts/cm/cmr8.pfb></usr/share/texlive/te
xmf-dist/fonts/type1/public/amsfonts/cm/cmsy10.pfb></usr/share/texlive/texmf-di
st/fonts/type1/public/amsfonts/cm/cmsy8.pfb></usr/share/texlive/texmf-dist/font
s/type1/urw/courier/ucrr8a.pfb></usr/share/texlive/texmf-dist/fonts/type1/urw/p
alatino/uplb8a.pfb></usr/share/texlive/texmf-dist/fonts/type1/urw/palatino/uplr
8a.pfb></usr/share/texlive/texmf-dist/fonts/type1/urw/palatino/uplri8a.pfb>
Output written on /home/ad/po595678/final_test/Papers/PBaikova-Paper.pdf (35 pa
ges, 799107 bytes).
PDF statistics:
 213 PDF objects out of 1000 (max. 8388607)
 128 compressed objects within 2 object streams
 0 named destinations out of 1000 (max. 500000)
 76 words of extra memory for PDF output out of 10000 (max. 10000000)

